<?xml version="1.0" encoding="UTF-8"?>
<testsuites name="Busqueda Collection" time="19.547" tests="2" failures="0" errors="0">
   <testsuite name="busqueda" tests="1" failures="0" errors="0" time="17.141" timestamp="2020-10-28 11:49:20" hostname="javier - debian" id="Test Suites/busqueda">
      <properties>
         <property name="deviceName" value=""/>
         <property name="devicePlatform" value=""/>
         <property name="logFolder" value="/home/javier/git/pruebaconcepto/Reports/20201028_114914/busqueda/20201028_114915"/>
         <property name="logFiles" value="/home/javier/git/pruebaconcepto/Reports/20201028_114914/busqueda/20201028_114915/execution0.log"/>
         <property name="attachments" value=""/>
         <property name="hostName" value="javier - debian"/>
         <property name="os" value="Linux 64bit"/>
         <property name="katalonVersion" value="7.7.2.205"/>
         <property name="browser" value="Chrome 85.0.4183.83"/>
         <property name="hostAddress" value="127.0.1.1"/>
         <property name="sessionId" value="a2540bcdc9e1ee57e4515e937b39d257"/>
         <property name="seleniumVersion" value="3.141.59"/>
         <property name="proxyInformation" value="ProxyInformation { proxyOption=NO_PROXY, proxyServerType=HTTP, username=, password=********, proxyServerAddress=, proxyServerPort=0, executionList=&quot;&quot;, isApplyToDesiredCapabilities=true }"/>
         <property name="platform" value="Linux"/>
      </properties>
      <testcase name="Test Cases/busqueda" time="16.47" classname="Test Cases/busqueda" status="PASSED">
         <system-out><![CDATA[2020-10-28 11:49:21 - [TEST_CASE][PASSED] - Test Cases/busqueda: Test Cases/busqueda

2020-10-28 11:49:21 - [TEST_STEP][PASSED] - openBrowser(""): Browser is opened with url: ''

2020-10-28 11:49:22 - [MESSAGE][INFO] - Starting 'Chrome' driver

2020-10-28 11:49:22 - [MESSAGE][INFO] - User set preference: ['args', '[--no-sandbox]']

2020-10-28 11:49:22 - [MESSAGE][INFO] - Action delay is set to 0 milliseconds

2020-10-28 11:49:24 - [MESSAGE][PASSED] - Browser is opened with url: ''

2020-10-28 11:49:24 - [TEST_STEP][PASSED] - navigateToUrl("https://ecqa.petco.com.mx/petco/en/login"): Navigate to 'https://ecqa.petco.com.mx/petco/en/login' successfully

2020-10-28 11:49:27 - [MESSAGE][PASSED] - Navigate to 'https://ecqa.petco.com.mx/petco/en/login' successfully

2020-10-28 11:49:27 - [TEST_STEP][PASSED] - setText(findTestObject("Object Repository/busqueda/Page_Ingresar  Petco Mexico/input_Direccin de Correo Electrnico_j_username"), "javierdumont@gmail.com"): Text 'javierdumont@gmail.com' is set on object 'Object Repository/busqueda/Page_Ingresar  Petco Mexico/input_Direccin de Correo Electrnico_j_username'

2020-10-28 11:49:30 - [MESSAGE][PASSED] - Text 'javierdumont@gmail.com' is set on object 'Object Repository/busqueda/Page_Ingresar  Petco Mexico/input_Direccin de Correo Electrnico_j_username'

2020-10-28 11:49:30 - [TEST_STEP][PASSED] - setEncryptedText(findTestObject("Object Repository/busqueda/Page_Ingresar  Petco Mexico/input_Contrasea_j_password"), "NlV8iAafsyYWagnpn4cCvQ=="): Text ****** has been set on object 'Object Repository/busqueda/Page_Ingresar  Petco Mexico/input_Contrasea_j_password'

2020-10-28 11:49:30 - [MESSAGE][PASSED] - Text ****** has been set on object 'Object Repository/busqueda/Page_Ingresar  Petco Mexico/input_Contrasea_j_password'

2020-10-28 11:49:30 - [TEST_STEP][PASSED] - click(findTestObject("Object Repository/busqueda/Page_Ingresar  Petco Mexico/button_Iniciar Sesin")): Object: 'Object Repository/busqueda/Page_Ingresar  Petco Mexico/button_Iniciar Sesin' is clicked on

2020-10-28 11:49:31 - [MESSAGE][PASSED] - Object: 'Object Repository/busqueda/Page_Ingresar  Petco Mexico/button_Iniciar Sesin' is clicked on

2020-10-28 11:49:31 - [TEST_STEP][PASSED] - setText(findTestObject("Object Repository/busqueda/Page_Petco Mexico  Petco Mxico/input_Royal Canin Maxi Dermacomfort 15.88 kg_text"), "royal-canin"): Text 'royal-canin' is set on object 'Object Repository/busqueda/Page_Petco Mexico  Petco Mxico/input_Royal Canin Maxi Dermacomfort 15.88 kg_text'

2020-10-28 11:49:36 - [MESSAGE][PASSED] - Text 'royal-canin' is set on object 'Object Repository/busqueda/Page_Petco Mexico  Petco Mxico/input_Royal Canin Maxi Dermacomfort 15.88 kg_text'

2020-10-28 11:49:36 - [TEST_STEP][PASSED] - click(findTestObject("Object Repository/busqueda/Page_Petco Mexico  Petco Mxico/span_Royal Canin Maxi Dermacomfort 15.88 kg_1c92bc")): Object: 'Object Repository/busqueda/Page_Petco Mexico  Petco Mxico/span_Royal Canin Maxi Dermacomfort 15.88 kg_1c92bc' is clicked on

2020-10-28 11:49:37 - [MESSAGE][PASSED] - Object: 'Object Repository/busqueda/Page_Petco Mexico  Petco Mxico/span_Royal Canin Maxi Dermacomfort 15.88 kg_1c92bc' is clicked on

2020-10-28 11:49:37 - [TEST_STEP][PASSED] - closeBrowser(): Browser is closed

2020-10-28 11:49:37 - [MESSAGE][PASSED] - Browser is closed]]></system-out>
         <system-err><![CDATA[]]></system-err>
      </testcase>
      <system-out><![CDATA[2020-10-28 11:49:20 - [TEST_SUITE][PASSED] - busqueda: Test Cases/busqueda]]></system-out>
      <system-err><![CDATA[]]></system-err>
   </testsuite>
   <testsuite name="busqueda" tests="1" failures="0" errors="0" time="8.365" timestamp="2020-10-28 11:49:21" hostname="javier - debian" id="Test Suites/busqueda">
      <properties>
         <property name="deviceName" value=""/>
         <property name="devicePlatform" value=""/>
         <property name="logFolder" value="/home/javier/git/pruebaconcepto/Reports/20201028_114914/busqueda/20201028_114917"/>
         <property name="logFiles" value="/home/javier/git/pruebaconcepto/Reports/20201028_114914/busqueda/20201028_114917/execution0.log"/>
         <property name="attachments" value=""/>
         <property name="hostName" value="javier - debian"/>
         <property name="os" value="Linux 64bit"/>
         <property name="katalonVersion" value="7.7.2.205"/>
         <property name="browser" value="Chrome 85.0.4183.83"/>
         <property name="hostAddress" value="127.0.1.1"/>
         <property name="sessionId" value="401b4154d52f91f08fc396273fcf64e8"/>
         <property name="seleniumVersion" value="3.141.59"/>
         <property name="proxyInformation" value="ProxyInformation { proxyOption=NO_PROXY, proxyServerType=HTTP, username=, password=********, proxyServerAddress=, proxyServerPort=0, executionList=&quot;&quot;, isApplyToDesiredCapabilities=true }"/>
         <property name="platform" value="Linux"/>
      </properties>
      <testcase name="Test Cases/busqueda" time="7.797" classname="Test Cases/busqueda" status="PASSED">
         <system-out><![CDATA[2020-10-28 11:49:21 - [TEST_CASE][PASSED] - Test Cases/busqueda: Test Cases/busqueda

2020-10-28 11:49:22 - [TEST_STEP][PASSED] - openBrowser(""): Browser is opened with url: ''

2020-10-28 11:49:22 - [MESSAGE][INFO] - Starting 'Chrome (headless)' driver

2020-10-28 11:49:22 - [MESSAGE][INFO] - Action delay is set to 0 milliseconds

2020-10-28 11:49:23 - [MESSAGE][PASSED] - Browser is opened with url: ''

2020-10-28 11:49:23 - [TEST_STEP][PASSED] - navigateToUrl("https://ecqa.petco.com.mx/petco/en/login"): Navigate to 'https://ecqa.petco.com.mx/petco/en/login' successfully

2020-10-28 11:49:25 - [MESSAGE][PASSED] - Navigate to 'https://ecqa.petco.com.mx/petco/en/login' successfully

2020-10-28 11:49:25 - [TEST_STEP][PASSED] - setText(findTestObject("Object Repository/busqueda/Page_Ingresar  Petco Mexico/input_Direccin de Correo Electrnico_j_username"), "javierdumont@gmail.com"): Text 'javierdumont@gmail.com' is set on object 'Object Repository/busqueda/Page_Ingresar  Petco Mexico/input_Direccin de Correo Electrnico_j_username'

2020-10-28 11:49:25 - [MESSAGE][PASSED] - Text 'javierdumont@gmail.com' is set on object 'Object Repository/busqueda/Page_Ingresar  Petco Mexico/input_Direccin de Correo Electrnico_j_username'

2020-10-28 11:49:25 - [TEST_STEP][PASSED] - setEncryptedText(findTestObject("Object Repository/busqueda/Page_Ingresar  Petco Mexico/input_Contrasea_j_password"), "NlV8iAafsyYWagnpn4cCvQ=="): Text ****** has been set on object 'Object Repository/busqueda/Page_Ingresar  Petco Mexico/input_Contrasea_j_password'

2020-10-28 11:49:26 - [MESSAGE][PASSED] - Text ****** has been set on object 'Object Repository/busqueda/Page_Ingresar  Petco Mexico/input_Contrasea_j_password'

2020-10-28 11:49:26 - [TEST_STEP][PASSED] - click(findTestObject("Object Repository/busqueda/Page_Ingresar  Petco Mexico/button_Iniciar Sesin")): Object: 'Object Repository/busqueda/Page_Ingresar  Petco Mexico/button_Iniciar Sesin' is clicked on

2020-10-28 11:49:27 - [MESSAGE][PASSED] - Object: 'Object Repository/busqueda/Page_Ingresar  Petco Mexico/button_Iniciar Sesin' is clicked on

2020-10-28 11:49:27 - [TEST_STEP][PASSED] - setText(findTestObject("Object Repository/busqueda/Page_Petco Mexico  Petco Mxico/input_Royal Canin Maxi Dermacomfort 15.88 kg_text"), "royal-canin"): Text 'royal-canin' is set on object 'Object Repository/busqueda/Page_Petco Mexico  Petco Mxico/input_Royal Canin Maxi Dermacomfort 15.88 kg_text'

2020-10-28 11:49:27 - [MESSAGE][PASSED] - Text 'royal-canin' is set on object 'Object Repository/busqueda/Page_Petco Mexico  Petco Mxico/input_Royal Canin Maxi Dermacomfort 15.88 kg_text'

2020-10-28 11:49:27 - [TEST_STEP][PASSED] - click(findTestObject("Object Repository/busqueda/Page_Petco Mexico  Petco Mxico/span_Royal Canin Maxi Dermacomfort 15.88 kg_1c92bc")): Object: 'Object Repository/busqueda/Page_Petco Mexico  Petco Mxico/span_Royal Canin Maxi Dermacomfort 15.88 kg_1c92bc' is clicked on

2020-10-28 11:49:29 - [MESSAGE][PASSED] - Object: 'Object Repository/busqueda/Page_Petco Mexico  Petco Mxico/span_Royal Canin Maxi Dermacomfort 15.88 kg_1c92bc' is clicked on

2020-10-28 11:49:29 - [TEST_STEP][PASSED] - closeBrowser(): Browser is closed

2020-10-28 11:49:29 - [MESSAGE][PASSED] - Browser is closed]]></system-out>
         <system-err><![CDATA[]]></system-err>
      </testcase>
      <system-out><![CDATA[2020-10-28 11:49:21 - [TEST_SUITE][PASSED] - busqueda: Test Cases/busqueda]]></system-out>
      <system-err><![CDATA[]]></system-err>
   </testsuite>
</testsuites>
