<?xml version="1.0" encoding="UTF-8"?>
<testsuites name="busqueda" time="16.091" tests="1" failures="0" errors="0">
   <testsuite name="busqueda" tests="1" failures="0" errors="0" time="16.091" timestamp="2020-10-28 11:46:02" hostname="javier - debian" id="Test Suites/busqueda">
      <properties>
         <property name="deviceName" value=""/>
         <property name="devicePlatform" value=""/>
         <property name="logFolder" value="/home/javier/git/pruebaconcepto/Reports/20201028_114549/busqueda/20201028_114550"/>
         <property name="logFiles" value="/home/javier/git/pruebaconcepto/Reports/20201028_114549/busqueda/20201028_114550/execution0.log"/>
         <property name="attachments" value=""/>
         <property name="hostName" value="javier - debian"/>
         <property name="os" value="Linux 64bit"/>
         <property name="katalonVersion" value="7.7.2.205"/>
         <property name="browser" value="Chrome 85.0.4183.83"/>
         <property name="hostAddress" value="127.0.1.1"/>
         <property name="sessionId" value="83c49398562629bf04a088a151c0d5ed"/>
         <property name="seleniumVersion" value="3.141.59"/>
         <property name="proxyInformation" value="ProxyInformation { proxyOption=NO_PROXY, proxyServerType=HTTP, username=, password=********, proxyServerAddress=, proxyServerPort=0, executionList=&quot;&quot;, isApplyToDesiredCapabilities=true }"/>
         <property name="platform" value="Linux"/>
      </properties>
      <testcase name="Test Cases/busqueda" time="15.558" classname="Test Cases/busqueda" status="PASSED">
         <system-out><![CDATA[2020-10-28 11:46:02 - [TEST_CASE][PASSED] - Test Cases/busqueda: Test Cases/busqueda

2020-10-28 11:46:03 - [TEST_STEP][PASSED] - openBrowser(""): Browser is opened with url: ''

2020-10-28 11:46:03 - [MESSAGE][INFO] - Starting 'Chrome' driver

2020-10-28 11:46:03 - [MESSAGE][INFO] - User set preference: ['args', '[--no-sandbox]']

2020-10-28 11:46:03 - [MESSAGE][INFO] - Action delay is set to 0 milliseconds

2020-10-28 11:46:05 - [MESSAGE][PASSED] - Browser is opened with url: ''

2020-10-28 11:46:05 - [TEST_STEP][PASSED] - navigateToUrl("https://ecqa.petco.com.mx/petco/en/login"): Navigate to 'https://ecqa.petco.com.mx/petco/en/login' successfully

2020-10-28 11:46:07 - [MESSAGE][PASSED] - Navigate to 'https://ecqa.petco.com.mx/petco/en/login' successfully

2020-10-28 11:46:07 - [TEST_STEP][PASSED] - setText(findTestObject("Object Repository/busqueda/Page_Ingresar  Petco Mexico/input_Direccin de Correo Electrnico_j_username"), "javierdumont@gmail.com"): Text 'javierdumont@gmail.com' is set on object 'Object Repository/busqueda/Page_Ingresar  Petco Mexico/input_Direccin de Correo Electrnico_j_username'

2020-10-28 11:46:10 - [MESSAGE][PASSED] - Text 'javierdumont@gmail.com' is set on object 'Object Repository/busqueda/Page_Ingresar  Petco Mexico/input_Direccin de Correo Electrnico_j_username'

2020-10-28 11:46:10 - [TEST_STEP][PASSED] - setEncryptedText(findTestObject("Object Repository/busqueda/Page_Ingresar  Petco Mexico/input_Contrasea_j_password"), "NlV8iAafsyYWagnpn4cCvQ=="): Text ****** has been set on object 'Object Repository/busqueda/Page_Ingresar  Petco Mexico/input_Contrasea_j_password'

2020-10-28 11:46:10 - [MESSAGE][PASSED] - Text ****** has been set on object 'Object Repository/busqueda/Page_Ingresar  Petco Mexico/input_Contrasea_j_password'

2020-10-28 11:46:10 - [TEST_STEP][PASSED] - click(findTestObject("Object Repository/busqueda/Page_Ingresar  Petco Mexico/button_Iniciar Sesin")): Object: 'Object Repository/busqueda/Page_Ingresar  Petco Mexico/button_Iniciar Sesin' is clicked on

2020-10-28 11:46:11 - [MESSAGE][PASSED] - Object: 'Object Repository/busqueda/Page_Ingresar  Petco Mexico/button_Iniciar Sesin' is clicked on

2020-10-28 11:46:11 - [TEST_STEP][PASSED] - setText(findTestObject("Object Repository/busqueda/Page_Petco Mexico  Petco Mxico/input_Royal Canin Maxi Dermacomfort 15.88 kg_text"), "royal-canin"): Text 'royal-canin' is set on object 'Object Repository/busqueda/Page_Petco Mexico  Petco Mxico/input_Royal Canin Maxi Dermacomfort 15.88 kg_text'

2020-10-28 11:46:16 - [MESSAGE][PASSED] - Text 'royal-canin' is set on object 'Object Repository/busqueda/Page_Petco Mexico  Petco Mxico/input_Royal Canin Maxi Dermacomfort 15.88 kg_text'

2020-10-28 11:46:16 - [TEST_STEP][PASSED] - click(findTestObject("Object Repository/busqueda/Page_Petco Mexico  Petco Mxico/span_Royal Canin Maxi Dermacomfort 15.88 kg_1c92bc")): Object: 'Object Repository/busqueda/Page_Petco Mexico  Petco Mxico/span_Royal Canin Maxi Dermacomfort 15.88 kg_1c92bc' is clicked on

2020-10-28 11:46:18 - [MESSAGE][PASSED] - Object: 'Object Repository/busqueda/Page_Petco Mexico  Petco Mxico/span_Royal Canin Maxi Dermacomfort 15.88 kg_1c92bc' is clicked on

2020-10-28 11:46:18 - [TEST_STEP][PASSED] - closeBrowser(): Browser is closed

2020-10-28 11:46:18 - [MESSAGE][PASSED] - Browser is closed]]></system-out>
         <system-err><![CDATA[]]></system-err>
      </testcase>
      <system-out><![CDATA[2020-10-28 11:46:02 - [TEST_SUITE][PASSED] - busqueda: Test Cases/busqueda]]></system-out>
      <system-err><![CDATA[]]></system-err>
   </testsuite>
</testsuites>
